c:\users\dell\documents\github\swayzecpplab2\swayzecpplab2\x64\debug\vc143.pdb
c:\users\dell\documents\github\swayzecpplab2\swayzecpplab2\x64\debug\.netframework,version=v4.7.2.assemblyattributes.obj
c:\users\dell\documents\github\swayzecpplab2\swayzecpplab2\x64\debug\lab3.1.obj
c:\users\dell\documents\github\swayzecpplab2\swayzecpplab2\x64\debug\lab31.obj
c:\users\swayze\source\repos\swayzecpplab2\swayzecpplab2\x64\debug\vc143.pdb
c:\users\swayze\source\repos\swayzecpplab2\swayzecpplab2\x64\debug\.netframework,version=v4.7.2.assemblyattributes.obj
c:\users\dell\documents\github\swayzecpplab2\x64\debug\swayzecpplab2.exe
c:\users\dell\documents\github\swayzecpplab2\x64\debug\swayzecpplab2.pdb
c:\users\swayze\source\repos\swayzecpplab2\swayzecpplab2\x64\debug\swayzecpplab2.vcxproj.assemblyreference.cache
c:\users\swayze\source\repos\swayzecpplab2\swayzecpplab2\x64\debug\swayzecpplab2.vcxproj.generateresource.cache
c:\users\swayze\source\repos\swayzecpplab2\swayzecpplab2\x64\debug\swayzecpplab2.vcxproj.suggestedbindingredirects.cache
c:\users\swayze\source\repos\swayzecpplab2\swayzecpplab2\x64\debug\lab3.1.obj
c:\users\swayze\source\repos\swayzecpplab2\swayzecpplab2\x64\debug\swayzecpplab2.lab3.1.resources
c:\users\swayze\source\repos\swayzecpplab2\swayzecpplab2\x64\debug\swayzecpplab2.lab31.1.resources
c:\users\swayze\source\repos\swayzecpplab2\x64\debug\swayzecpplab2.pdb
c:\users\swayze\source\repos\swayzecpplab2\x64\debug\swayzecpplab2.exe
c:\users\swayze\source\repos\swayzecpplab2\swayzecpplab2\x64\debug\swayzecpplab2.tlog\cl.command.1.tlog
c:\users\swayze\source\repos\swayzecpplab2\swayzecpplab2\x64\debug\swayzecpplab2.tlog\cl.read.1.tlog
c:\users\swayze\source\repos\swayzecpplab2\swayzecpplab2\x64\debug\swayzecpplab2.tlog\cl.write.1.tlog
c:\users\swayze\source\repos\swayzecpplab2\swayzecpplab2\x64\debug\swayzecpplab2.tlog\link.command.1.tlog
c:\users\swayze\source\repos\swayzecpplab2\swayzecpplab2\x64\debug\swayzecpplab2.tlog\link.read.1.tlog
c:\users\swayze\source\repos\swayzecpplab2\swayzecpplab2\x64\debug\swayzecpplab2.tlog\link.write.1.tlog
c:\users\swayze\source\repos\swayzecpplab2\swayzecpplab2\x64\debug\swayzecpplab2.tlog\metagen.read.1.tlog
c:\users\swayze\source\repos\swayzecpplab2\swayzecpplab2\x64\debug\swayzecpplab2.tlog\metagen.write.1.tlog
c:\users\swayze\source\repos\swayzecpplab2\swayzecpplab2\x64\debug\swayzecpplab2.tlog\resgen.command.1.tlog
c:\users\swayze\source\repos\swayzecpplab2\swayzecpplab2\x64\debug\swayzecpplab2.tlog\resgen.read.1.tlog
c:\users\swayze\source\repos\swayzecpplab2\swayzecpplab2\x64\debug\swayzecpplab2.tlog\resgen.write.1.tlog
